-------------------------------------------------------------------------------
Test set: com.itmo.siaod.perfect_hash.hash_tables.buckets.TestHashTableBucket
-------------------------------------------------------------------------------
Tests run: 10, Failures: 1, Errors: 0, Skipped: 0, Time elapsed: 0.188 s <<< FAILURE! - in com.itmo.siaod.perfect_hash.hash_tables.buckets.TestHashTableBucket
testGetSize  Time elapsed: 0.036 s  <<< FAILURE!
org.opentest4j.AssertionFailedError: expected: <true> but was: <false>
	at com.itmo.siaod.perfect_hash.hash_tables.buckets.TestHashTableBucket.testGetSize(TestHashTableBucket.java:102)

