<?xml version="1.0" encoding="UTF-8"?>
<testsuite xmlns:xsi="http://www.w3.org/2001/XMLSchema-instance" xsi:noNamespaceSchemaLocation="https://maven.apache.org/surefire/maven-surefire-plugin/xsd/surefire-test-report.xsd" name="com.itmo.siaod.perfect_hash.hash_tables.TestHashTableSiaod" time="0.504" tests="8" errors="0" skipped="0" failures="0">
  <properties>
[...]
</properties>
  <testcase name="testGet" classname="com.itmo.siaod.perfect_hash.hash_tables.TestHashTableSiaod" time="0.06"/>
  <testcase name="testPut" classname="com.itmo.siaod.perfect_hash.hash_tables.TestHashTableSiaod" time="0.022"/>
  <testcase name="testToString" classname="com.itmo.siaod.perfect_hash.hash_tables.TestHashTableSiaod" time="0.072"/>
  <testcase name="testResetBuckets" classname="com.itmo.siaod.perfect_hash.hash_tables.TestHashTableSiaod" time="0.102"/>
  <testcase name="testHashTable" classname="com.itmo.siaod.perfect_hash.hash_tables.TestHashTableSiaod" time="0.148"/>
  <testcase name="testSimpleToHashTableBucket" classname="com.itmo.siaod.perfect_hash.hash_tables.TestHashTableSiaod" time="0.059"/>
  <testcase name="testDelete" classname="com.itmo.siaod.perfect_hash.hash_tables.TestHashTableSiaod" time="0.008"/>
  <testcase name="testInitializeSecondLayer" classname="com.itmo.siaod.perfect_hash.hash_tables.TestHashTableSiaod" time="0.032"/>
</testsuite>